<?xml version="1.0" encoding="utf-8"?><testsuites name="pytest tests"><testsuite name="pytest" errors="0" failures="1" skipped="0" tests="11" time="35.906" timestamp="2026-06-26T18:18:14.305905+00:00" hostname="agent-env-2ec88571-f9db-4c56-acfa-fc5ea3ec0cf9"><testcase classname="tests.test_anemia_backend.TestAuth" name="test_register_does_not_auto_login" time="0.644" /><testcase classname="tests.test_anemia_backend.TestNailScreening" name="test_nail_only_new_pipeline" time="24.771" /><testcase classname="tests.test_anemia_backend.TestAuth" name="test_login_with_registered_credentials" time="4.462" /><testcase classname="tests.test_anemia_backend.TestAuth" name="test_register_duplicate_email" time="0.488" /><testcase classname="tests.test_anemia_backend.TestAuth" name="test_login_invalid" time="0.450" /><testcase classname="tests.test_anemia_backend.TestAuth" name="test_me_without_token" time="0.005" /><testcase classname="tests.test_anemia_backend.TestScreeningGuards" name="test_no_images_400" time="0.699" /><testcase classname="tests.test_anemia_backend.TestScreeningGuards" name="test_screenings_require_auth" time="0.018" /><testcase classname="tests.test_anemia_backend.TestHealth" name="test_health_ok" time="0.008" /><testcase classname="tests.test_anemia_backend.TestNailScreening" name="test_eye_only_still_works_with_gradcam" time="5.150"><failure message="AssertionError: assert (False)&#10; +  where False = isinstance(None, str)&#10; +    where None = &lt;built-in method get of dict object at 0x7ecbca3d8400&gt;('gradcam_heatmap_base64')&#10; +      where &lt;built-in method get of dict object at 0x7ecbca3d8400&gt; = {'attention_regions': [], 'confidence': 0.0, 'engine': 'gemini-fallback', 'image_type': 'eye', ...}.get">test_anemia_backend.py:171: in test_eye_only_still_works_with_gradcam
    assert isinstance(eye.get("gradcam_heatmap_base64"), str) and len(eye["gradcam_heatmap_base64"]) &gt; 100
E   AssertionError: assert (False)
E    +  where False = isinstance(None, str)
E    +    where None = &lt;built-in method get of dict object at 0x7ecbca3d8400&gt;('gradcam_heatmap_base64')
E    +      where &lt;built-in method get of dict object at 0x7ecbca3d8400&gt; = {'attention_regions': [], 'confidence': 0.0, 'engine': 'gemini-fallback', 'image_type': 'eye', ...}.get</failure></testcase><testcase classname="tests.test_anemia_backend.TestNailScreening" name="test_polarity_pale_vs_red" time="4.325" /></testsuite></testsuites>