<?xml version="1.0" encoding="utf-8"?><testsuites name="pytest tests"><testsuite name="pytest" errors="0" failures="0" skipped="0" tests="11" time="16.659" timestamp="2026-06-26T18:28:11.570710+00:00" hostname="agent-env-2ec88571-f9db-4c56-acfa-fc5ea3ec0cf9"><testcase classname="tests.test_anemia_backend.TestAuth" name="test_register_does_not_auto_login" time="0.744" /><testcase classname="tests.test_anemia_backend.TestNailScreening" name="test_nail_only_new_pipeline" time="8.784" /><testcase classname="tests.test_anemia_backend.TestAuth" name="test_login_with_registered_credentials" time="0.444" /><testcase classname="tests.test_anemia_backend.TestAuth" name="test_register_duplicate_email" time="0.833" /><testcase classname="tests.test_anemia_backend.TestAuth" name="test_login_invalid" time="0.826" /><testcase classname="tests.test_anemia_backend.TestAuth" name="test_me_without_token" time="0.178" /><testcase classname="tests.test_anemia_backend.TestScreeningGuards" name="test_no_images_400" time="0.993" /><testcase classname="tests.test_anemia_backend.TestScreeningGuards" name="test_screenings_require_auth" time="0.184" /><testcase classname="tests.test_anemia_backend.TestHealth" name="test_health_ok" time="0.151" /><testcase classname="tests.test_anemia_backend.TestNailScreening" name="test_eye_only_still_works_with_gradcam" time="2.003" /><testcase classname="tests.test_anemia_backend.TestNailScreening" name="test_polarity_pale_vs_red" time="4.333" /></testsuite></testsuites>